#
# There is insufficient memory for the Java Runtime Environment to continue.
# Native memory allocation (malloc) failed to allocate 870704 bytes for Chunk::new
# Possible reasons:
#   The system is out of physical RAM or swap space
#   In 32 bit mode, the process size limit was hit
# Possible solutions:
#   Reduce memory load on the system
#   Increase physical memory or swap space
#   Check if swap backing store is full
#   Use 64 bit Java on a 64 bit OS
#   Decrease Java heap size (-Xmx/-Xms)
#   Decrease number of Java threads
#   Decrease Java thread stack sizes (-Xss)
#   Set larger code cache with -XX:ReservedCodeCacheSize=
# This output file may be truncated or incomplete.
#
#  Out of Memory Error (allocation.cpp:323), pid=22384, tid=23760
#
# JRE version: Java(TM) SE Runtime Environment (7.0_71-b14) (build 1.7.0_71-b14)
# Java VM: Java HotSpot(TM) 64-Bit Server VM (24.71-b01 mixed mode windows-amd64 compressed oops)
# Failed to write core dump. Minidumps are not enabled by default on client versions of Windows
#

---------------  T H R E A D  ---------------

Current thread (0x00000000089ab800):  JavaThread "C2 CompilerThread1" daemon [_thread_in_native, id=23760, stack(0x000000000a5b0000,0x000000000a7b0000)]

Stack: [0x000000000a5b0000,0x000000000a7b0000]
[error occurred during error reporting (printing stack bounds), id 0xc0000005]


Current CompileTask:
C2:  57268  498   !         org.openide.filesystems.MultiFileObject::getAttribute (503 bytes)


---------------  P R O C E S S  ---------------

Java Threads: ( => current thread )
  0x0000000010a9c800 JavaThread "TimerQueue" daemon [_thread_blocked, id=19160, stack(0x0000000013ff0000,0x00000000141f0000)]
  0x0000000010a9b800 JavaThread "Worker-JM" [_thread_blocked, id=21892, stack(0x0000000013980000,0x0000000013b80000)]
  0x000000000e4d7800 JavaThread "Framework Event Dispatcher" daemon [_thread_blocked, id=22420, stack(0x0000000013780000,0x0000000013980000)]
  0x000000000e4d6800 JavaThread "Deadlock Detector" [_thread_blocked, id=17104, stack(0x0000000013580000,0x0000000013780000)]
  0x000000000e4d6000 JavaThread "Thread-3" daemon [_thread_blocked, id=19112, stack(0x0000000012d80000,0x0000000012f80000)]
  0x000000000e4d4800 JavaThread "W32 File Monitor" daemon [_thread_in_native, id=21420, stack(0x0000000012b80000,0x0000000012d80000)]
  0x000000000e4d3800 JavaThread "File Watcher" daemon [_thread_blocked, id=23076, stack(0x00000000119b0000,0x0000000011bb0000)]
  0x000000000e4d3000 JavaThread "Folder Instance Processor" daemon [_thread_blocked, id=24160, stack(0x00000000115e0000,0x00000000117e0000)]
  0x000000000e4d2000 JavaThread "Inactive RequestProcessor thread [Was:On Start/Stop/org.netbeans.core.execution.Install]" daemon [_thread_blocked, id=22640, stack(0x00000000113e0000,0x00000000115e0000)]
  0x000000000e4d1800 JavaThread "Inactive RequestProcessor thread [Was:On Start/Stop/org.netbeans.modules.masterfs.Installer]" daemon [_thread_blocked, id=23060, stack(0x00000000111e0000,0x00000000113e0000)]
  0x000000000e4d0800 JavaThread "State Data Manager" daemon [_thread_blocked, id=19996, stack(0x0000000010fe0000,0x00000000111e0000)]
  0x000000001003d000 JavaThread "Framework Active Thread" [_thread_blocked, id=24016, stack(0x000000000fcb0000,0x000000000feb0000)]
  0x000000000dfbf800 JavaThread "Inactive RequestProcessor thread [Was:Folder recognizer/org.openide.loaders.FolderList$ListTask]" daemon [_thread_blocked, id=22968, stack(0x000000000fa20000,0x000000000fc20000)]
  0x000000000ddf0800 JavaThread "AWT-EventQueue-0" [_thread_in_Java, id=15264, stack(0x000000000f670000,0x000000000f870000)]
  0x000000000ae54800 JavaThread "AWT-Windows" daemon [_thread_in_native, id=21832, stack(0x000000000ede0000,0x000000000efe0000)]
  0x000000000ae53800 JavaThread "AWT-Shutdown" [_thread_blocked, id=20168, stack(0x000000000ebe0000,0x000000000ede0000)]
  0x000000000ae53000 JavaThread "Java2D Disposer" daemon [_thread_blocked, id=23276, stack(0x000000000e9e0000,0x000000000ebe0000)]
  0x000000000ae69800 JavaThread "RequestProcessor queue manager" daemon [_thread_blocked, id=22408, stack(0x000000000e500000,0x000000000e700000)]
  0x000000000addd800 JavaThread "main" [_thread_blocked, id=22188, stack(0x000000000db00000,0x000000000dd00000)]
  0x000000000add3000 JavaThread "Inactive RequestProcessor thread [Was:On Start/Stop/org.netbeans.core.impl.InitUI]" daemon [_thread_blocked, id=23908, stack(0x000000000d900000,0x000000000db00000)]
  0x000000000add2800 JavaThread "CLI Requests Server" daemon [_thread_in_native, id=22340, stack(0x000000000d700000,0x000000000d900000)]
  0x000000000ad92800 JavaThread "Active Reference Queue Daemon" daemon [_thread_blocked, id=24080, stack(0x000000000b1b0000,0x000000000b3b0000)]
  0x00000000089ac800 JavaThread "Service Thread" daemon [_thread_blocked, id=16804, stack(0x000000000a7b0000,0x000000000a9b0000)]
=>0x00000000089ab800 JavaThread "C2 CompilerThread1" daemon [_thread_in_native, id=23760, stack(0x000000000a5b0000,0x000000000a7b0000)]
  0x00000000089a0000 JavaThread "C2 CompilerThread0" daemon [_thread_in_native, id=17964, stack(0x000000000a3b0000,0x000000000a5b0000)]
  0x000000000899f000 JavaThread "Attach Listener" daemon [_thread_blocked, id=24332, stack(0x000000000a1b0000,0x000000000a3b0000)]
  0x0000000008998000 JavaThread "Signal Dispatcher" daemon [_thread_blocked, id=19800, stack(0x0000000009fb0000,0x000000000a1b0000)]
  0x0000000008947800 JavaThread "Finalizer" daemon [_thread_blocked, id=24372, stack(0x0000000009db0000,0x0000000009fb0000)]
  0x000000000893f800 JavaThread "Reference Handler" daemon [_thread_blocked, id=24404, stack(0x0000000009bb0000,0x0000000009db0000)]
  0x000000000226a000 JavaThread "main" [_thread_blocked, id=17056, stack(0x0000000000030000,0x0000000000230000)]

Other Threads:
  0x000000000893c000 VMThread [stack: 0x00000000099b0000,0x0000000009bb0000] [id=23944]
  0x00000000089b6000 WatcherThread [stack: 0x000000000a9b0000,0x000000000abb0000] [id=24036]

VM state:not at safepoint (normal execution)

VM Mutex/Monitor currently owned by a thread: None

Heap
 PSYoungGen      total 41472K, used 30789K [0x00000000ef480000, 0x00000000f4180000, 0x0000000100000000)
  eden space 34816K, 69% used [0x00000000ef480000,0x00000000f0c16cc0,0x00000000f1680000)
  from space 6656K, 99% used [0x00000000f3880000,0x00000000f3efa830,0x00000000f3f00000)
  to   space 2560K, 0% used [0x00000000f3f00000,0x00000000f3f00000,0x00000000f4180000)
 ParOldGen       total 22016K, used 14702K [0x00000000cde00000, 0x00000000cf380000, 0x00000000ef480000)
  object space 22016K, 66% used [0x00000000cde00000,0x00000000cec5b8d8,0x00000000cf380000)
 PSPermGen       total 32768K, used 31608K [0x00000000b5e00000, 0x00000000b7e00000, 0x00000000cde00000)
  object space 32768K, 96% used [0x00000000b5e00000,0x00000000b7cde180,0x00000000b7e00000)

Card table byte_map: [0x0000000005400000,0x0000000005660000] byte_map_base: 0x0000000004e51000

Polling page: 0x0000000000590000

Code Cache  [0x0000000002340000, 0x00000000025b0000, 0x0000000005340000)
 total_blobs=961 nmethods=453 adapters=459 free_code_cache=47358Kb largest_free_block=48450816

Compilation events (10 events):
Event: 56.663 Thread 0x00000000089a0000  501             java.util.WeakHashMap::get (77 bytes)
Event: 56.669 Thread 0x00000000089a0000 nmethod 501 0x00000000024ec590 code [0x00000000024ec700, 0x00000000024ec958]
Event: 56.759 Thread 0x00000000089a0000  502             java.util.concurrent.locks.ReentrantLock::unlock (10 bytes)
Event: 56.762 Thread 0x00000000089a0000 nmethod 502 0x0000000002467d90 code [0x0000000002467ee0, 0x0000000002467fc8]
Event: 56.811 Thread 0x00000000089a0000  503             org.openide.util.Parameters::notNull (37 bytes)
Event: 56.812 Thread 0x00000000089a0000 nmethod 503 0x00000000024ec390 code [0x00000000024ec4c0, 0x00000000024ec518]
Event: 56.825 Thread 0x00000000089a0000  504             org.openide.filesystems.MultiFileObject::isFolder (23 bytes)
Event: 56.827 Thread 0x00000000089a0000 nmethod 504 0x00000000024ec150 code [0x00000000024ec2a0, 0x00000000024ec318]
Event: 56.838 Thread 0x00000000089a0000  505   !         org.openide.util.lookup.InheritanceTree::classToNode (177 bytes)
Event: 56.929 Thread 0x00000000089a0000 nmethod 505 0x00000000024e2410 code [0x00000000024e2760, 0x00000000024e4040]

GC Heap History (10 events):
Event: 11.992 GC heap after
Heap after GC invocations=4 (full 0):
 PSYoungGen      total 19456K, used 1024K [0x00000000ef480000, 0x00000000f0880000, 0x0000000100000000)
  eden space 18432K, 0% used [0x00000000ef480000,0x00000000ef480000,0x00000000f0680000)
  from space 1024K, 100% used [0x00000000f0780000,0x00000000f0880000,0x00000000f0880000)
  to   space 1024K, 0% used [0x00000000f0680000,0x00000000f0680000,0x00000000f0780000)
 ParOldGen       total 22016K, used 7368K [0x00000000cde00000, 0x00000000cf380000, 0x00000000ef480000)
  object space 22016K, 33% used [0x00000000cde00000,0x00000000ce5322e8,0x00000000cf380000)
 PSPermGen       total 32768K, used 13145K [0x00000000b5e00000, 0x00000000b7e00000, 0x00000000cde00000)
  object space 32768K, 40% used [0x00000000b5e00000,0x00000000b6ad6598,0x00000000b7e00000)
}
Event: 14.850 GC heap before
{Heap before GC invocations=5 (full 0):
 PSYoungGen      total 19456K, used 19456K [0x00000000ef480000, 0x00000000f0880000, 0x0000000100000000)
  eden space 18432K, 100% used [0x00000000ef480000,0x00000000f0680000,0x00000000f0680000)
  from space 1024K, 100% used [0x00000000f0780000,0x00000000f0880000,0x00000000f0880000)
  to   space 1024K, 0% used [0x00000000f0680000,0x00000000f0680000,0x00000000f0780000)
 ParOldGen       total 22016K, used 7368K [0x00000000cde00000, 0x00000000cf380000, 0x00000000ef480000)
  object space 22016K, 33% used [0x00000000cde00000,0x00000000ce5322e8,0x00000000cf380000)
 PSPermGen       total 32768K, used 13447K [0x00000000b5e00000, 0x00000000b7e00000, 0x00000000cde00000)
  object space 32768K, 41% used [0x00000000b5e00000,0x00000000b6b21d90,0x00000000b7e00000)
Event: 14.872 GC heap after
Heap after GC invocations=5 (full 0):
 PSYoungGen      total 19456K, used 1024K [0x00000000ef480000, 0x00000000f2080000, 0x0000000100000000)
  eden space 18432K, 0% used [0x00000000ef480000,0x00000000ef480000,0x00000000f0680000)
  from space 1024K, 100% used [0x00000000f0680000,0x00000000f0780000,0x00000000f0780000)
  to   space 4096K, 0% used [0x00000000f1c80000,0x00000000f1c80000,0x00000000f2080000)
 ParOldGen       total 22016K, used 9628K [0x00000000cde00000, 0x00000000cf380000, 0x00000000ef480000)
  object space 22016K, 43% used [0x00000000cde00000,0x00000000ce767348,0x00000000cf380000)
 PSPermGen       total 32768K, used 13447K [0x00000000b5e00000, 0x00000000b7e00000, 0x00000000cde00000)
  object space 32768K, 41% used [0x00000000b5e00000,0x00000000b6b21d90,0x00000000b7e00000)
}
Event: 16.177 GC heap before
{Heap before GC invocations=6 (full 0):
 PSYoungGen      total 19456K, used 19456K [0x00000000ef480000, 0x00000000f2080000, 0x0000000100000000)
  eden space 18432K, 100% used [0x00000000ef480000,0x00000000f0680000,0x00000000f0680000)
  from space 1024K, 100% used [0x00000000f0680000,0x00000000f0780000,0x00000000f0780000)
  to   space 4096K, 0% used [0x00000000f1c80000,0x00000000f1c80000,0x00000000f2080000)
 ParOldGen       total 22016K, used 9628K [0x00000000cde00000, 0x00000000cf380000, 0x00000000ef480000)
  object space 22016K, 43% used [0x00000000cde00000,0x00000000ce767348,0x00000000cf380000)
 PSPermGen       total 32768K, used 15625K [0x00000000b5e00000, 0x00000000b7e00000, 0x00000000cde00000)
  object space 32768K, 47% used [0x00000000b5e00000,0x00000000b6d426d8,0x00000000b7e00000)
Event: 16.192 GC heap after
Heap after GC invocations=6 (full 0):
 PSYoungGen      total 40960K, used 3104K [0x00000000ef480000, 0x00000000f2080000, 0x0000000100000000)
  eden space 36864K, 0% used [0x00000000ef480000,0x00000000ef480000,0x00000000f1880000)
  from space 4096K, 75% used [0x00000000f1c80000,0x00000000f1f88010,0x00000000f2080000)
  to   space 4096K, 0% used [0x00000000f1880000,0x00000000f1880000,0x00000000f1c80000)
 ParOldGen       total 22016K, used 9628K [0x00000000cde00000, 0x00000000cf380000, 0x00000000ef480000)
  object space 22016K, 43% used [0x00000000cde00000,0x00000000ce767348,0x00000000cf380000)
 PSPermGen       total 32768K, used 15625K [0x00000000b5e00000, 0x00000000b7e00000, 0x00000000cde00000)
  object space 32768K, 47% used [0x00000000b5e00000,0x00000000b6d426d8,0x00000000b7e00000)
}
Event: 18.252 GC heap before
{Heap before GC invocations=7 (full 0):
 PSYoungGen      total 40960K, used 39968K [0x00000000ef480000, 0x00000000f2080000, 0x0000000100000000)
  eden space 36864K, 100% used [0x00000000ef480000,0x00000000f1880000,0x00000000f1880000)
  from space 4096K, 75% used [0x00000000f1c80000,0x00000000f1f88010,0x00000000f2080000)
  to   space 4096K, 0% used [0x00000000f1880000,0x00000000f1880000,0x00000000f1c80000)
 ParOldGen       total 22016K, used 9628K [0x00000000cde00000, 0x00000000cf380000, 0x00000000ef480000)
  object space 22016K, 43% used [0x00000000cde00000,0x00000000ce767348,0x00000000cf380000)
 PSPermGen       total 32768K, used 20346K [0x00000000b5e00000, 0x00000000b7e00000, 0x00000000cde00000)
  object space 32768K, 62% used [0x00000000b5e00000,0x00000000b71de880,0x00000000b7e00000)
Event: 18.267 GC heap after
Heap after GC invocations=7 (full 0):
 PSYoungGen      total 40960K, used 4064K [0x00000000ef480000, 0x00000000f4580000, 0x0000000100000000)
  eden space 36864K, 0% used [0x00000000ef480000,0x00000000ef480000,0x00000000f1880000)
  from space 4096K, 99% used [0x00000000f1880000,0x00000000f1c78010,0x00000000f1c80000)
  to   space 4608K, 0% used [0x00000000f4100000,0x00000000f4100000,0x00000000f4580000)
 ParOldGen       total 22016K, used 10041K [0x00000000cde00000, 0x00000000cf380000, 0x00000000ef480000)
  object space 22016K, 45% used [0x00000000cde00000,0x00000000ce7ce778,0x00000000cf380000)
 PSPermGen       total 32768K, used 20346K [0x00000000b5e00000, 0x00000000b7e00000, 0x00000000cde00000)
  object space 32768K, 62% used [0x00000000b5e00000,0x00000000b71de880,0x00000000b7e00000)
}
Event: 42.433 GC heap before
{Heap before GC invocations=8 (full 0):
 PSYoungGen      total 40960K, used 40928K [0x00000000ef480000, 0x00000000f4580000, 0x0000000100000000)
  eden space 36864K, 100% used [0x00000000ef480000,0x00000000f1880000,0x00000000f1880000)
  from space 4096K, 99% used [0x00000000f1880000,0x00000000f1c78010,0x00000000f1c80000)
  to   space 4608K, 0% used [0x00000000f4100000,0x00000000f4100000,0x00000000f4580000)
 ParOldGen       total 22016K, used 10041K [0x00000000cde00000, 0x00000000cf380000, 0x00000000ef480000)
  object space 22016K, 45% used [0x00000000cde00000,0x00000000ce7ce778,0x00000000cf380000)
 PSPermGen       total 32768K, used 25230K [0x00000000b5e00000, 0x00000000b7e00000, 0x00000000cde00000)
  object space 32768K, 76% used [0x00000000b5e00000,0x00000000b76a3b68,0x00000000b7e00000)
Event: 42.455 GC heap after
Heap after GC invocations=8 (full 0):
 PSYoungGen      total 40448K, used 4592K [0x00000000ef480000, 0x00000000f4580000, 0x0000000100000000)
  eden space 35840K, 0% used [0x00000000ef480000,0x00000000ef480000,0x00000000f1780000)
  from space 4608K, 99% used [0x00000000f4100000,0x00000000f457c020,0x00000000f4580000)
  to   space 6656K, 0% used [0x00000000f3880000,0x00000000f3880000,0x00000000f3f00000)
 ParOldGen       total 22016K, used 12958K [0x00000000cde00000, 0x00000000cf380000, 0x00000000ef480000)
  object space 22016K, 58% used [0x00000000cde00000,0x00000000ceaa7bc8,0x00000000cf380000)
 PSPermGen       total 32768K, used 25230K [0x00000000b5e00000, 0x00000000b7e00000, 0x00000000cde00000)
  object space 32768K, 76% used [0x00000000b5e00000,0x00000000b76a3b68,0x00000000b7e00000)
}
Event: 56.980 GC heap before
{Heap before GC invocations=9 (full 0):
 PSYoungGen      total 40448K, used 40432K [0x00000000ef480000, 0x00000000f4580000, 0x0000000100000000)
  eden space 35840K, 100% used [0x00000000ef480000,0x00000000f1780000,0x00000000f1780000)
  from space 4608K, 99% used [0x00000000f4100000,0x00000000f457c020,0x00000000f4580000)
  to   space 6656K, 0% used [0x00000000f3880000,0x00000000f3880000,0x00000000f3f00000)
 ParOldGen       total 22016K, used 12958K [0x00000000cde00000, 0x00000000cf380000, 0x00000000ef480000)
  object space 22016K, 58% used [0x00000000cde00000,0x00000000ceaa7bc8,0x00000000cf380000)
 PSPermGen       total 32768K, used 31386K [0x00000000b5e00000, 0x00000000b7e00000, 0x00000000cde00000)
  object space 32768K, 95% used [0x00000000b5e00000,0x00000000b7ca6990,0x00000000b7e00000)

Deoptimization events (10 events):
Event: 53.681 Thread 0x000000000e4d3000 Uncommon trap: reason=null_check action=make_not_entrant pc=0x0000000002453630 method=org.netbeans.ModuleManager.get(Ljava/lang/String;)Lorg/netbeans/Module; @ 10
Event: 53.744 Thread 0x000000000addd800 Uncommon trap: reason=null_check action=make_not_entrant pc=0x00000000024ff7d0 method=org.netbeans.core.startup.layers.BinaryFS$BFSBase.getAttribute(Ljava/lang/String;)Ljava/lang/Object; @ 14
Event: 54.211 Thread 0x000000000e4d3000 Uncommon trap: reason=null_check action=make_not_entrant pc=0x00000000024a3d38 method=org.netbeans.core.startup.layers.BinaryFS.getString(Ljava/nio/ByteBuffer;)Ljava/lang/String; @ 25
Event: 54.242 Thread 0x000000000addd800 Uncommon trap: reason=bimorphic action=maybe_recompile pc=0x00000000024be1f8 method=org.openide.filesystems.MultiFileObject.getAttribute(Ljava/lang/String;Ljava/lang/String;)Ljava/lang/Object; @ 68
Event: 54.244 Thread 0x000000000addd800 Uncommon trap: reason=bimorphic action=maybe_recompile pc=0x00000000024be1f8 method=org.openide.filesystems.MultiFileObject.getAttribute(Ljava/lang/String;Ljava/lang/String;)Ljava/lang/Object; @ 68
Event: 54.244 Thread 0x000000000addd800 Uncommon trap: reason=bimorphic action=maybe_recompile pc=0x00000000024be1f8 method=org.openide.filesystems.MultiFileObject.getAttribute(Ljava/lang/String;Ljava/lang/String;)Ljava/lang/Object; @ 68
Event: 54.244 Thread 0x000000000addd800 Uncommon trap: reason=bimorphic action=maybe_recompile pc=0x00000000024be1f8 method=org.openide.filesystems.MultiFileObject.getAttribute(Ljava/lang/String;Ljava/lang/String;)Ljava/lang/Object; @ 68
Event: 56.296 Thread 0x000000000dfbf800 Uncommon trap: reason=bimorphic action=maybe_recompile pc=0x0000000002450298 method=java.lang.ThreadLocal.set(Ljava/lang/Object;)V @ 6
Event: 56.462 Thread 0x000000000ddf0800 Uncommon trap: reason=bimorphic action=maybe_recompile pc=0x00000000024ac3f0 method=org.openide.filesystems.MultiFileObject.getAttribute(Ljava/lang/String;Ljava/lang/String;)Ljava/lang/Object; @ 85
Event: 56.464 Thread 0x000000000ddf0800 Uncommon trap: reason=bimorphic action=maybe_recompile pc=0x00000000024ac3f0 method=org.openide.filesystems.MultiFileObject.getAttribute(Ljava/lang/String;Ljava/lang/String;)Ljava/lang/Object; @ 85

Internal exceptions (10 events):
Event: 56.839 Thread 0x000000000e4d3000 Threw 0x00000000f1682bf0 at C:\re\jdk7u71\1605\hotspot\src\share\vm\prims\jvm.cpp:1281
Event: 56.840 Thread 0x000000000e4d3000 Threw 0x00000000f1686d20 at C:\re\jdk7u71\1605\hotspot\src\share\vm\prims\jvm.cpp:1281
Event: 56.840 Thread 0x000000000e4d3000 Threw 0x00000000f1689ac0 at C:\re\jdk7u71\1605\hotspot\src\share\vm\prims\jvm.cpp:1281
Event: 56.843 Thread 0x000000000e4d3000 Threw 0x00000000f168d250 at C:\re\jdk7u71\1605\hotspot\src\share\vm\prims\jvm.cpp:1281
Event: 56.843 Thread 0x000000000e4d3000 Threw 0x00000000f168faf8 at C:\re\jdk7u71\1605\hotspot\src\share\vm\prims\jvm.cpp:1281
Event: 56.862 Thread 0x000000000e4d3000 Threw 0x00000000f173a330 at C:\re\jdk7u71\1605\hotspot\src\share\vm\prims\jvm.cpp:1281
Event: 56.965 Thread 0x000000000e4d3000 Threw 0x00000000f176d128 at C:\re\jdk7u71\1605\hotspot\src\share\vm\prims\jvm.cpp:1281
Event: 56.965 Thread 0x000000000e4d3000 Threw 0x00000000f176f7b0 at C:\re\jdk7u71\1605\hotspot\src\share\vm\prims\jvm.cpp:1281
Event: 56.966 Thread 0x000000000e4d3000 Threw 0x00000000f17735b8 at C:\re\jdk7u71\1605\hotspot\src\share\vm\prims\jvm.cpp:1281
Event: 56.966 Thread 0x000000000e4d3000 Threw 0x00000000f1775800 at C:\re\jdk7u71\1605\hotspot\src\share\vm\prims\jvm.cpp:1281

Events (10 events):
Event: 56.858 Executing VM operation: RevokeBias done
Event: 56.862 loading class 0x00000000100cc630
Event: 56.862 loading class 0x00000000100cc630 done
Event: 56.936 Executing VM operation: RevokeBias
Event: 56.958 Executing VM operation: RevokeBias done
Event: 56.965 loading class 0x0000000010151d60
Event: 56.965 loading class 0x0000000010151d60 done
Event: 56.966 loading class 0x000000000e148710
Event: 56.966 loading class 0x000000000e148710 done
Event: 56.980 Executing VM operation: ParallelGCFailedAllocation


Dynamic libraries:
0x0000000000400000 - 0x0000000000580000 	C:\Program Files\NetBeans 8.0.2\bin\netbeans64.exe
0x0000000076ea0000 - 0x0000000077049000 	C:\Windows\SYSTEM32\ntdll.dll
0x0000000076d80000 - 0x0000000076e9f000 	C:\Windows\system32\kernel32.dll
0x000007fefcdf0000 - 0x000007fefce5c000 	C:\Windows\system32\KERNELBASE.dll
0x000007fefde60000 - 0x000007fefdf3b000 	C:\Windows\system32\ADVAPI32.dll
0x000007fefd310000 - 0x000007fefd3af000 	C:\Windows\system32\msvcrt.dll
0x000007fefefb0000 - 0x000007fefefcf000 	C:\Windows\SYSTEM32\sechost.dll
0x000007feff080000 - 0x000007feff1ad000 	C:\Windows\system32\RPCRT4.dll
0x000007fefe170000 - 0x000007fefeef8000 	C:\Windows\system32\SHELL32.dll
0x000007fefd910000 - 0x000007fefd981000 	C:\Windows\system32\SHLWAPI.dll
0x000007fefd890000 - 0x000007fefd8f7000 	C:\Windows\system32\GDI32.dll
0x0000000076c80000 - 0x0000000076d7a000 	C:\Windows\system32\USER32.dll
0x000007fefd900000 - 0x000007fefd90e000 	C:\Windows\system32\LPK.dll
0x000007fefd3b0000 - 0x000007fefd479000 	C:\Windows\system32\USP10.dll
0x000007fefd860000 - 0x000007fefd88e000 	C:\Windows\system32\IMM32.DLL
0x000007fefe060000 - 0x000007fefe169000 	C:\Windows\system32\MSCTF.dll
0x000007fefcb90000 - 0x000007fefcbc2000 	C:\Windows\system32\nvinitx.dll
0x000007fefcb80000 - 0x000007fefcb8c000 	C:\Windows\system32\VERSION.dll
0x000000000f000000 - 0x000000000f006000 	C:\Program Files\NVIDIA Corporation\CoProcManager\detoured.dll
0x000007fef9300000 - 0x000007fef9332000 	C:\Program Files\NVIDIA Corporation\CoProcManager\nvd3d9wrapx.dll
0x000007fefd9b0000 - 0x000007fefdb87000 	C:\Windows\system32\SETUPAPI.dll
0x000007fefcf70000 - 0x000007fefcfa6000 	C:\Windows\system32\CFGMGR32.dll
0x000007fefd020000 - 0x000007fefd0f7000 	C:\Windows\system32\OLEAUT32.dll
0x000007fefd100000 - 0x000007fefd303000 	C:\Windows\system32\ole32.dll
0x000007fefcf40000 - 0x000007fefcf5a000 	C:\Windows\system32\DEVOBJ.dll
0x000007fef92d0000 - 0x000007fef92f2000 	C:\Program Files\NVIDIA Corporation\CoProcManager\nvdxgiwrapx.dll
0x0000000059550000 - 0x00000000596a4000 	C:\Program Files\NetBeans 8.0.2\platform\lib\nbexec64.dll
0x000007fefca50000 - 0x000007fefcaa7000 	C:\Windows\system32\apphelp.dll
0x0000000053a20000 - 0x00000000541f3000 	C:\Program Files\Java\jdk1.7.0_71\jre\bin\server\jvm.dll
0x000007fef13f0000 - 0x000007fef13f9000 	C:\Windows\system32\WSOCK32.dll
0x000007fefefd0000 - 0x000007feff01d000 	C:\Windows\system32\WS2_32.dll
0x000007fefef00000 - 0x000007fefef08000 	C:\Windows\system32\NSI.dll
0x000007fefa070000 - 0x000007fefa0ab000 	C:\Windows\system32\WINMM.dll
0x0000000077070000 - 0x0000000077077000 	C:\Windows\system32\PSAPI.DLL
0x0000000059470000 - 0x0000000059542000 	C:\Program Files\Java\jdk1.7.0_71\jre\bin\MSVCR100.dll
0x000000006de20000 - 0x000000006de5f000 	C:\Program Files\Java\jdk1.7.0_71\jre\bin\splashscreen.dll
0x000000006de10000 - 0x000000006de1f000 	C:\Program Files\Java\jdk1.7.0_71\jre\bin\verify.dll
0x000000006d7a0000 - 0x000000006d7c8000 	C:\Program Files\Java\jdk1.7.0_71\jre\bin\java.dll
0x0000000068f10000 - 0x0000000068f25000 	C:\Program Files\Java\jdk1.7.0_71\jre\bin\zip.dll
0x0000000068970000 - 0x0000000068989000 	C:\Program Files\Java\jdk1.7.0_71\jre\bin\net.dll
0x000007fefc3f0000 - 0x000007fefc445000 	C:\Windows\system32\mswsock.dll
0x000007fefc3e0000 - 0x000007fefc3e7000 	C:\Windows\System32\wship6.dll
0x0000000068950000 - 0x0000000068961000 	C:\Program Files\Java\jdk1.7.0_71\jre\bin\nio.dll
0x000007fefa770000 - 0x000007fefa797000 	C:\Windows\system32\IPHLPAPI.DLL
0x000007fefa750000 - 0x000007fefa75b000 	C:\Windows\system32\WINNSI.DLL
0x000007fefa440000 - 0x000007fefa451000 	C:\Windows\system32\dhcpcsvc6.DLL
0x000007fefa540000 - 0x000007fefa558000 	C:\Windows\system32\dhcpcsvc.DLL
0x00000000592d0000 - 0x0000000059465000 	C:\Program Files\Java\jdk1.7.0_71\jre\bin\awt.dll
0x000007fefc450000 - 0x000007fefc467000 	C:\Windows\system32\CRYPTSP.dll
0x000007fefc110000 - 0x000007fefc157000 	C:\Windows\system32\rsaenh.dll
0x000007fefcf00000 - 0x000007fefcf1e000 	C:\Windows\system32\USERENV.dll
0x000007fefcc60000 - 0x000007fefcc6f000 	C:\Windows\system32\profapi.dll
0x000007fefcab0000 - 0x000007fefcabf000 	C:\Windows\system32\CRYPTBASE.dll
0x000007fefa890000 - 0x000007fefa8a5000 	C:\Windows\system32\NLAapi.dll
0x000007fefa680000 - 0x000007fefa695000 	C:\Windows\system32\napinsp.dll
0x000007fef96e0000 - 0x000007fef96f9000 	C:\Windows\system32\pnrpnsp.dll
0x000007fefc270000 - 0x000007fefc2cb000 	C:\Windows\system32\DNSAPI.dll
0x000007fef9de0000 - 0x000007fef9deb000 	C:\Windows\System32\winrnr.dll
0x000007fef96d0000 - 0x000007fef96e0000 	C:\Windows\system32\wshbth.dll
0x000007fefbdb0000 - 0x000007fefbdb7000 	C:\Windows\System32\wshtcpip.dll
0x000007fef7f50000 - 0x000007fef7f58000 	C:\Windows\system32\rasadhlp.dll
0x000007fefa5c0000 - 0x000007fefa613000 	C:\Windows\System32\fwpuclnt.dll
0x000007fefade0000 - 0x000007fefadf8000 	C:\Windows\system32\DWMAPI.DLL
0x000007fefb3c0000 - 0x000007fefb5b4000 	C:\Windows\WinSxS\amd64_microsoft.windows.common-controls_6595b64144ccf1df_6.0.7601.17514_none_fa396087175ac9ac\COMCTL32.dll
0x000007fefb1c0000 - 0x000007fefb216000 	C:\Windows\system32\uxtheme.dll
0x0000000180000000 - 0x0000000180054000 	C:\Program Files (x86)\Lenovo\Onekey Theater\ActiveDetect64.dll
0x000000000b0a0000 - 0x000000000b0cb000 	C:\Program Files (x86)\Lenovo\Onekey Theater\WindowsApiHookDll64.dll
0x0000000010000000 - 0x000000001000a000 	C:\Program Files (x86)\Lenovo\Energy Management\BatteryTestDLL.dll
0x000000005d490000 - 0x000000005d559000 	C:\Windows\WinSxS\amd64_microsoft.vc80.crt_1fc8b3b9a1e18e3b_8.0.50727.6229_none_88dcc0bf2fb1b808\MSVCR80.dll
0x00000000634e0000 - 0x0000000063527000 	C:\Program Files\Java\jdk1.7.0_71\jre\bin\fontmanager.dll
0x000000000f280000 - 0x000000000f2e5000 	C:\Program Files\Lenovo\Bluetooth Software\btmmhook.dll
0x0000000063150000 - 0x0000000063191000 	C:\Program Files\Java\jdk1.7.0_71\jre\bin\t2k.dll
0x000000000b0f0000 - 0x000000000b128000 	C:\Program Files\NetBeans 8.0.2\platform\modules\lib\amd64\jnidispatch-410.dll
0x000007fefdfc0000 - 0x000007fefe059000 	C:\Windows\system32\CLBCatQ.DLL
0x000000006e4b0000 - 0x000000006e4bb000 	C:\Program Files\Java\jdk1.7.0_71\jre\bin\management.dll
0x000007fef6030000 - 0x000007fef60a1000 	C:\Windows\system32\winhttp.dll
0x000007fef5fc0000 - 0x000007fef6024000 	C:\Windows\system32\webio.dll
0x000007fefca20000 - 0x000007fefca45000 	C:\Windows\system32\SspiCli.dll
0x000007fefc010000 - 0x000007fefc01a000 	C:\Windows\system32\credssp.dll

VM Arguments:
jvm_args: -Dnetbeans.importclass=org.netbeans.upgrade.AutoUpgrade -Dnetbeans.accept_license_class=org.netbeans.license.AcceptLicense -client -Xss2m -Xms32m -XX:PermSize=32m -Dapple.laf.useScreenMenuBar=true -Dapple.awt.graphics.UseQuartz=true -Dsun.java2d.noddraw=true -Dsun.java2d.dpiaware=true -Dsun.zip.disableMemoryMapping=true -Xmx802m -XX:MaxPermSize=384m -Djdk.home=C:\Program Files\Java\jdk1.7.0_71 -Dnetbeans.home=C:\Program Files\NetBeans 8.0.2\platform -Dnetbeans.user=C:\Users\Alex\AppData\Roaming\NetBeans\8.0.2 -Dnetbeans.default_userdir_root=C:\Users\Alex\AppData\Roaming\NetBeans -XX:+HeapDumpOnOutOfMemoryError -XX:HeapDumpPath=C:\Users\Alex\AppData\Roaming\NetBeans\8.0.2\var\log\heapdump.hprof -Dsun.awt.keepWorkingSetOnMinimize=true -Dnetbeans.dirs=C:\Program Files\NetBeans 8.0.2\nb;C:\Program Files\NetBeans 8.0.2\ergonomics;C:\Program Files\NetBeans 8.0.2\ide;C:\Program Files\NetBeans 8.0.2\extide;C:\Program Files\NetBeans 8.0.2\java;C:\Program Files\NetBeans 8.0.2\apisupport;C:\Program Files\NetBeans 8.0.2\webcommon;C:\Program Files\NetBeans 8.0.2\websvccommon;C:\Program Files\NetBeans 8.0.2\enterprise;C:\Program Files\NetBeans 8.0.2\mobility;C:\Program Files\NetBeans 8.0.2\profiler;C:\Program Files\NetBeans 8.0.2\python;C:\Program Files\NetBeans 8.0.2\php;C:\Program Files\NetBeans 8.0.2\identity;C:\Program Files\NetBeans 8.0.2\harness;C:\Program Files\NetBeans 8.0.2\cnd;C:\Program Files\NetBeans 8.0.2\dlight;C:\Program Files\NetBeans 8.0.2\groovy;C:\Program Files\NetBeans 8.0.2\extra;C:\Program Files\NetBeans 8.0.2\javacard;C:\Program Files\NetBeans 8.0.2\javafx exit 
java_command: <unknown>
Launcher Type: generic

Environment Variables:
PATH=C:\Program Files (x86)\NVIDIA Corporation\PhysX\Common;C:\Windows\system32;C:\Windows;C:\Windows\System32\Wbem;C:\Windows\System32\WindowsPowerShell\v1.0\;C:\Program Files\Lenovo\Bluetooth Software\;C:\Program Files\Lenovo\Bluetooth Software\syswow64;c:\Program Files (x86)\Microsoft SQL Server\100\Tools\Binn\;c:\Program Files\Microsoft SQL Server\100\Tools\Binn\;c:\Program Files\Microsoft SQL Server\100\DTS\Binn\;C:\Program Files (x86)\Windows Kits\8.1\Windows Performance Toolkit\;C:\Program Files\Microsoft SQL Server\110\Tools\Binn\;C:\Program Files (x86)\Microsoft SDKs\TypeScript\1.0\
USERNAME=Alex
OS=Windows_NT
PROCESSOR_IDENTIFIER=Intel64 Family 6 Model 42 Stepping 7, GenuineIntel



---------------  S Y S T E M  ---------------

OS: Windows 7 , 64 bit Build 7601 Service Pack 1

CPU:total 4 (2 cores per cpu, 2 threads per core) family 6 model 42 stepping 7, cmov, cx8, fxsr, mmx, sse, sse2, sse3, ssse3, sse4.1, sse4.2, popcnt, avx, aes, ht, tsc, tscinvbit

Memory: 4k page, physical 4106416k(738388k free), swap 5128552k(10196k free)

vm_info: Java HotSpot(TM) 64-Bit Server VM (24.71-b01) for windows-amd64 JRE (1.7.0_71-b14), built on Sep 26 2014 16:16:12 by "java_re" with unknown MS VC++:1600

time: Thu Jan 15 13:41:35 2015
elapsed time: 57 seconds

